[INFO  - 2020-01-16T07:21:39.366Z] GhostDriver - Main - running on port 54698
[INFO  - 2020-01-16T07:21:40.112Z] Session [d6c56db0-3830-11ea-9164-3f224a5bf75c] - page.settings - {"XSSAuditingEnabled":false,"javascriptCanCloseWindows":true,"javascriptCanOpenWindows":true,"javascriptEnabled":true,"loadImages":true,"localToRemoteUrlAccessEnabled":false,"userAgent":"Mozilla/5.0 (Macintosh; Intel Mac OS X) AppleWebKit/538.1 (KHTML, like Gecko) PhantomJS/2.1.1 Safari/538.1","webSecurityEnabled":true}
[INFO  - 2020-01-16T07:21:40.112Z] Session [d6c56db0-3830-11ea-9164-3f224a5bf75c] - page.customHeaders:  - {}
[INFO  - 2020-01-16T07:21:40.112Z] Session [d6c56db0-3830-11ea-9164-3f224a5bf75c] - Session.negotiatedCapabilities - {"browserName":"phantomjs","version":"2.1.1","driverName":"ghostdriver","driverVersion":"1.2.0","platform":"mac-unknown-64bit","javascriptEnabled":true,"takesScreenshot":true,"handlesAlerts":false,"databaseEnabled":false,"locationContextEnabled":false,"applicationCacheEnabled":false,"browserConnectionEnabled":false,"cssSelectorsEnabled":true,"webStorageEnabled":false,"rotatable":false,"acceptSslCerts":false,"nativeEvents":true,"proxy":{"proxyType":"direct"}}
[INFO  - 2020-01-16T07:21:40.112Z] SessionManagerReqHand - _postNewSessionCommand - New Session Created: d6c56db0-3830-11ea-9164-3f224a5bf75c
[ERROR - 2020-01-16T07:21:41.704Z] Session [d6c56db0-3830-11ea-9164-3f224a5bf75c] - page.onError - msg: TypeError: null is not an object (evaluating 'da_ua.match(/Version\/([0-9\.]+)/i)[1]')

  phantomjs://platform/console++.js:263 in error
[ERROR - 2020-01-16T07:21:41.704Z] Session [d6c56db0-3830-11ea-9164-3f224a5bf75c] - page.onError - stack:
  searchBrowserVersion (https://ssl.pstatic.net/tveta/libs/assets/js/pc/main/min/pc.veta.core.min.js?20180228:1)
  init (https://ssl.pstatic.net/tveta/libs/assets/js/pc/main/min/pc.veta.core.min.js?20180228:1)

  phantomjs://platform/console++.js:263 in error
[ERROR - 2020-01-16T07:21:41.729Z] Session [d6c56db0-3830-11ea-9164-3f224a5bf75c] - page.onError - msg: TypeError: undefined is not a constructor (evaluating 'new naver_corp_da.ActiveViewIFRAME')

  phantomjs://platform/console++.js:263 in error
[ERROR - 2020-01-16T07:21:41.730Z] Session [d6c56db0-3830-11ea-9164-3f224a5bf75c] - page.onError - stack:
  (anonymous function) (https://veta.naver.com/fxshow?su=SU10353:28)
  k (https://ssl.pstatic.net/tveta/libs/external/js/jquery-1.8.0.min.js?20161024:2)
  fireWith (https://ssl.pstatic.net/tveta/libs/external/js/jquery-1.8.0.min.js?20161024:2)
  ready (https://ssl.pstatic.net/tveta/libs/external/js/jquery-1.8.0.min.js?20161024:2)
  D (https://ssl.pstatic.net/tveta/libs/external/js/jquery-1.8.0.min.js?20161024:2)

  phantomjs://platform/console++.js:263 in error
[ERROR - 2020-01-16T07:21:41.736Z] Session [d6c56db0-3830-11ea-9164-3f224a5bf75c] - page.onError - msg: TypeError: null is not an object (evaluating 'da_ua.match(/Version\/([0-9\.]+)/i)[1]')

  phantomjs://platform/console++.js:263 in error
[ERROR - 2020-01-16T07:21:41.736Z] Session [d6c56db0-3830-11ea-9164-3f224a5bf75c] - page.onError - stack:
  searchBrowserVersion (https://ssl.pstatic.net/tveta/libs/assets/js/pc/main/min/pc.veta.core.min.js?20180228:1)
  init (https://ssl.pstatic.net/tveta/libs/assets/js/pc/main/min/pc.veta.core.min.js?20180228:1)

  phantomjs://platform/console++.js:263 in error
[ERROR - 2020-01-16T07:21:41.741Z] Session [d6c56db0-3830-11ea-9164-3f224a5bf75c] - page.onError - msg: TypeError: undefined is not a constructor (evaluating 'new naver_corp_da.ActiveViewIFRAME')

  phantomjs://platform/console++.js:263 in error
[ERROR - 2020-01-16T07:21:41.742Z] Session [d6c56db0-3830-11ea-9164-3f224a5bf75c] - page.onError - stack:
  (anonymous function) (https://veta.naver.com/fxshow?su=SU10352&calp=home:28)
  k (https://ssl.pstatic.net/tveta/libs/external/js/jquery-1.8.0.min.js?20161024:2)
  fireWith (https://ssl.pstatic.net/tveta/libs/external/js/jquery-1.8.0.min.js?20161024:2)
  ready (https://ssl.pstatic.net/tveta/libs/external/js/jquery-1.8.0.min.js?20161024:2)
  D (https://ssl.pstatic.net/tveta/libs/external/js/jquery-1.8.0.min.js?20161024:2)

  phantomjs://platform/console++.js:263 in error
[ERROR - 2020-01-16T07:21:43.156Z] Session [d6c56db0-3830-11ea-9164-3f224a5bf75c] - page.onError - msg: TypeError: null is not an object (evaluating 'da_ua.match(/Version\/([0-9\.]+)/i)[1]')

  phantomjs://platform/console++.js:263 in error
[ERROR - 2020-01-16T07:21:43.156Z] Session [d6c56db0-3830-11ea-9164-3f224a5bf75c] - page.onError - stack:
  searchBrowserVersion (https://ssl.pstatic.net/tveta/libs/assets/js/pc/main/min/pc.veta.core.min.js?20180228:1)
  init (https://ssl.pstatic.net/tveta/libs/assets/js/pc/main/min/pc.veta.core.min.js?20180228:1)

  phantomjs://platform/console++.js:263 in error
[ERROR - 2020-01-16T07:21:43.159Z] Session [d6c56db0-3830-11ea-9164-3f224a5bf75c] - page.onError - msg: TypeError: undefined is not a constructor (evaluating 'new naver_corp_da.ActiveViewIFRAME')

  phantomjs://platform/console++.js:263 in error
[ERROR - 2020-01-16T07:21:43.159Z] Session [d6c56db0-3830-11ea-9164-3f224a5bf75c] - page.onError - stack:
  (anonymous function) (https://veta.naver.com/fxshow?su=SU10352:28)
  k (https://ssl.pstatic.net/tveta/libs/external/js/jquery-1.8.0.min.js?20161024:2)
  fireWith (https://ssl.pstatic.net/tveta/libs/external/js/jquery-1.8.0.min.js?20161024:2)
  ready (https://ssl.pstatic.net/tveta/libs/external/js/jquery-1.8.0.min.js?20161024:2)
  D (https://ssl.pstatic.net/tveta/libs/external/js/jquery-1.8.0.min.js?20161024:2)

  phantomjs://platform/console++.js:263 in error
[INFO  - 2020-01-16T07:26:39.366Z] SessionManagerReqHand - _cleanupWindowlessSessions - Asynchronous Sessions clean-up phase starting NOW
[INFO  - 2020-01-16T07:26:39.367Z] SessionManagerReqHand - _cleanupWindowlessSessions - Deleted Session 'd6c56db0-3830-11ea-9164-3f224a5bf75c', because windowless
